<?xml version="1.0" encoding="UTF-8"?>
<!-- Generated by org.testng.reporters.JUnitReportReporter -->
<testsuite hostname="VyomiSuga" failures="0" tests="1" name="testsuites.S10_112_CreateWorktype" time="44.623" errors="0" timestamp="2023-11-05T10:42:09 IST" skipped="0">
  <testcase classname="testsuites.S10_112_CreateWorktype" name="createWorktype" time="44.623"/>
</testsuite> <!-- testsuites.S10_112_CreateWorktype -->
